[DEBUG] 2019-10-07 13:42:56.128 [Thread-6] algorithms.HoughConversionAlgorithm:68 - Классический метод Хафа с параметрами: distance=5.0, angle(rad.)=0.06981317007977318, threshold=5, srn=0.0, stn=0.0, minTheta=0.0, maxTheta=3.141592653589793
[DEBUG] 2019-10-07 13:44:10.458 [Thread-7] algorithms.HoughConversionAlgorithm:68 - Классический метод Хафа с параметрами: distance=5.0, angle(rad.)=0.06981317007977318, threshold=26, srn=0.0, stn=0.0, minTheta=0.0, maxTheta=3.141592653589793
[DEBUG] 2019-10-07 13:44:14.402 [Thread-8] algorithms.HoughConversionAlgorithm:68 - Классический метод Хафа с параметрами: distance=5.0, angle(rad.)=0.06981317007977318, threshold=100, srn=0.0, stn=0.0, minTheta=0.0, maxTheta=3.141592653589793
[DEBUG] 2019-10-07 13:44:23.826 [Thread-9] algorithms.HoughConversionAlgorithm:68 - Классический метод Хафа с параметрами: distance=5.0, angle(rad.)=0.13962634015954636, threshold=8, srn=0.0, stn=0.0, minTheta=0.0, maxTheta=3.141592653589793
[DEBUG] 2019-10-07 13:45:44.155 [Thread-6] algorithms.HoughConversionAlgorithm:68 - Классический метод Хафа с параметрами: distance=5.0, angle(rad.)=0.06981317007977318, threshold=9, srn=0.0, stn=0.0, minTheta=0.0, maxTheta=3.141592653589793
[DEBUG] 2019-10-07 13:45:55.093 [Thread-7] algorithms.HoughConversionAlgorithm:68 - Классический метод Хафа с параметрами: distance=5.0, angle(rad.)=0.06981317007977318, threshold=4, srn=0.0, stn=0.0, minTheta=0.0, maxTheta=3.141592653589793
[DEBUG] 2019-10-07 13:46:07.877 [Thread-8] algorithms.HoughConversionAlgorithm:68 - Классический метод Хафа с параметрами: distance=5.0, angle(rad.)=0.06981317007977318, threshold=48, srn=0.0, stn=0.0, minTheta=0.0, maxTheta=3.141592653589793
[DEBUG] 2019-10-07 13:54:41.041 [Thread-6] algorithms.HoughConversionAlgorithm:68 - Классический метод Хафа с параметрами: distance=1.0, angle(rad.)=0.017453292519943295, threshold=7, srn=0.0, stn=0.0, minTheta=0.0, maxTheta=3.141592653589793
[DEBUG] 2019-10-07 13:59:08.562 [Thread-6] algorithms.HoughConversionAlgorithm:68 - Классический метод Хафа с параметрами: distance=4.0, angle(rad.)=0.08726646259971647, threshold=9, srn=0.0, stn=0.0, minTheta=0.0, maxTheta=3.141592653589793
[DEBUG] 2019-10-07 13:59:16.501 [Thread-7] algorithms.HoughConversionAlgorithm:96 - Вероятностный метод Хафа с параметрами: distance=4.0, angle(rad.)=0.08726646259971647, threshold=9, minLineLength=0.0, maxLineGap=0.0
[DEBUG] 2019-10-07 13:59:57.520 [Thread-6] algorithms.HoughConversionAlgorithm:68 - Классический метод Хафа с параметрами: distance=5.0, angle(rad.)=0.06981317007977318, threshold=9, srn=0.0, stn=0.0, minTheta=0.0, maxTheta=3.141592653589793
[DEBUG] 2019-10-07 14:00:03.780 [Thread-7] algorithms.HoughConversionAlgorithm:96 - Вероятностный метод Хафа с параметрами: distance=5.0, angle(rad.)=0.06981317007977318, threshold=9, minLineLength=0.0, maxLineGap=0.0
[DEBUG] 2019-10-07 14:00:11.453 [Thread-8] algorithms.HoughConversionAlgorithm:68 - Классический метод Хафа с параметрами: distance=5.0, angle(rad.)=0.06981317007977318, threshold=9, srn=0.0, stn=0.0, minTheta=0.0, maxTheta=3.141592653589793
[DEBUG] 2019-10-07 14:00:19.005 [Thread-9] algorithms.HoughConversionAlgorithm:96 - Вероятностный метод Хафа с параметрами: distance=5.0, angle(rad.)=0.06981317007977318, threshold=9, minLineLength=0.0, maxLineGap=0.0
[DEBUG] 2019-10-07 14:00:24.197 [Thread-10] algorithms.HoughConversionAlgorithm:96 - Вероятностный метод Хафа с параметрами: distance=5.0, angle(rad.)=0.06981317007977318, threshold=9, minLineLength=0.0, maxLineGap=0.0
[DEBUG] 2019-10-07 14:00:29.845 [Thread-11] algorithms.HoughConversionAlgorithm:96 - Вероятностный метод Хафа с параметрами: distance=5.0, angle(rad.)=0.06981317007977318, threshold=9, minLineLength=0.0, maxLineGap=0.0
[DEBUG] 2019-10-07 14:05:19.813 [Thread-6] algorithms.HoughConversionAlgorithm:68 - Классический метод Хафа с параметрами: distance=5.0, angle(rad.)=0.06981317007977318, threshold=7, srn=0.0, stn=0.0, minTheta=0.0, maxTheta=3.141592653589793
[DEBUG] 2019-10-07 14:07:27.283 [Thread-6] algorithms.HoughConversionAlgorithm:66 - Классический метод Хафа с параметрами: distance=5.1, angle(rad.)=0.0715584993317675, threshold=14, srn=0.0, stn=0.0, minTheta=0.0, maxTheta=3.141592653589793
[DEBUG] 2019-10-07 14:08:52.077 [Thread-7] algorithms.HoughConversionAlgorithm:66 - Классический метод Хафа с параметрами: distance=4.1, angle(rad.)=0.0890117918517108, threshold=11, srn=0.0, stn=0.0, minTheta=0.0, maxTheta=3.141592653589793
[DEBUG] 2019-10-07 14:08:58.203 [Thread-8] algorithms.HoughConversionAlgorithm:94 - Вероятностный метод Хафа с параметрами: distance=4.1, angle(rad.)=0.0890117918517108, threshold=11, minLineLength=0.0, maxLineGap=0.0
[DEBUG] 2019-10-07 14:09:56.250 [Thread-6] algorithms.HoughConversionAlgorithm:68 - Классический метод Хафа с параметрами: distance=5.1, angle(rad.)=0.0715584993317675, threshold=11, srn=0.0, stn=0.0, minTheta=0.0, maxTheta=3.141592653589793
[DEBUG] 2019-10-07 14:10:02.150 [Thread-7] algorithms.HoughConversionAlgorithm:96 - Вероятностный метод Хафа с параметрами: distance=5.1, angle(rad.)=0.0715584993317675, threshold=11, minLineLength=0.0, maxLineGap=0.0
[DEBUG] 2019-10-07 14:10:06.406 [Thread-8] algorithms.HoughConversionAlgorithm:96 - Вероятностный метод Хафа с параметрами: distance=5.1, angle(rad.)=0.0715584993317675, threshold=11, minLineLength=0.0, maxLineGap=0.0
[DEBUG] 2019-10-07 14:10:10.878 [Thread-9] algorithms.HoughConversionAlgorithm:96 - Вероятностный метод Хафа с параметрами: distance=5.1, angle(rad.)=0.0715584993317675, threshold=11, minLineLength=0.0, maxLineGap=0.0
[DEBUG] 2019-10-07 14:10:27.303 [Thread-10] algorithms.HoughConversionAlgorithm:96 - Вероятностный метод Хафа с параметрами: distance=5.1, angle(rad.)=0.0715584993317675, threshold=40, minLineLength=0.0, maxLineGap=0.0
[DEBUG] 2019-10-07 14:10:32.734 [Thread-11] algorithms.HoughConversionAlgorithm:96 - Вероятностный метод Хафа с параметрами: distance=5.1, angle(rad.)=0.0715584993317675, threshold=100, minLineLength=0.0, maxLineGap=0.0
[DEBUG] 2019-10-07 14:10:36.910 [Thread-12] algorithms.HoughConversionAlgorithm:68 - Классический метод Хафа с параметрами: distance=5.1, angle(rad.)=0.0715584993317675, threshold=100, srn=0.0, stn=0.0, minTheta=0.0, maxTheta=3.141592653589793
[DEBUG] 2019-10-07 14:10:42.471 [Thread-13] algorithms.HoughConversionAlgorithm:68 - Классический метод Хафа с параметрами: distance=5.1, angle(rad.)=0.0715584993317675, threshold=2, srn=0.0, stn=0.0, minTheta=0.0, maxTheta=3.141592653589793
[DEBUG] 2019-10-07 14:17:52.242 [Thread-6] algorithms.HoughConversionAlgorithm:96 - Вероятностный метод Хафа с параметрами: distance=4.1, angle(rad.)=0.0715584993317675, threshold=8, minLineLength=0.0, maxLineGap=0.0
[DEBUG] 2019-10-07 14:18:15.541 [Thread-7] algorithms.HoughConversionAlgorithm:96 - Вероятностный метод Хафа с параметрами: distance=4.1, angle(rad.)=0.0715584993317675, threshold=3, minLineLength=0.0, maxLineGap=0.0
[DEBUG] 2019-10-07 14:18:19.341 [Thread-8] algorithms.HoughConversionAlgorithm:96 - Вероятностный метод Хафа с параметрами: distance=4.1, angle(rad.)=0.0715584993317675, threshold=76, minLineLength=0.0, maxLineGap=0.0
[DEBUG] 2019-10-07 14:18:26.053 [Thread-9] algorithms.HoughConversionAlgorithm:96 - Вероятностный метод Хафа с параметрами: distance=4.1, angle(rad.)=0.0715584993317675, threshold=22, minLineLength=0.0, maxLineGap=0.0
[DEBUG] 2019-10-07 14:18:45.156 [Thread-6] algorithms.HoughConversionAlgorithm:96 - Вероятностный метод Хафа с параметрами: distance=4.1, angle(rad.)=0.0715584993317675, threshold=10, minLineLength=0.0, maxLineGap=0.0
[DEBUG] 2019-10-07 14:19:20.467 [Thread-6] algorithms.HoughConversionAlgorithm:96 - Вероятностный метод Хафа с параметрами: distance=4.1, angle(rad.)=0.0715584993317675, threshold=7, minLineLength=0.0, maxLineGap=0.0
[DEBUG] 2019-10-07 14:19:50.036 [Thread-6] algorithms.HoughConversionAlgorithm:96 - Вероятностный метод Хафа с параметрами: distance=4.1, angle(rad.)=0.0715584993317675, threshold=3, minLineLength=0.0, maxLineGap=0.0
[DEBUG] 2019-10-07 14:20:33.846 [Thread-6] algorithms.HoughConversionAlgorithm:96 - Вероятностный метод Хафа с параметрами: distance=5.1, angle(rad.)=0.0890117918517108, threshold=3, minLineLength=0.0, maxLineGap=0.0
[DEBUG] 2019-10-07 14:22:24.238 [Thread-6] algorithms.HoughConversionAlgorithm:98 - Вероятностный метод Хафа с параметрами: distance=5.1, angle(rad.)=0.0890117918517108, threshold=9, minLineLength=0.0, maxLineGap=0.0
[DEBUG] 2019-10-07 14:22:30.066 [Thread-7] algorithms.HoughConversionAlgorithm:68 - Классический метод Хафа с параметрами: distance=5.1, angle(rad.)=0.0890117918517108, threshold=9, srn=0.0, stn=0.0, minTheta=0.0, maxTheta=3.141592653589793
[DEBUG] 2019-10-07 14:22:43.402 [Thread-8] algorithms.HoughConversionAlgorithm:98 - Вероятностный метод Хафа с параметрами: distance=5.1, angle(rad.)=0.0890117918517108, threshold=9, minLineLength=0.0, maxLineGap=0.0
[DEBUG] 2019-10-07 14:22:52.106 [Thread-9] algorithms.HoughConversionAlgorithm:98 - Вероятностный метод Хафа с параметрами: distance=5.1, angle(rad.)=0.0890117918517108, threshold=9, minLineLength=10.1, maxLineGap=0.5
[DEBUG] 2019-10-07 14:22:55.851 [Thread-10] algorithms.HoughConversionAlgorithm:98 - Вероятностный метод Хафа с параметрами: distance=5.1, angle(rad.)=0.0890117918517108, threshold=9, minLineLength=10.1, maxLineGap=0.1
[DEBUG] 2019-10-07 14:23:01.635 [Thread-11] algorithms.HoughConversionAlgorithm:98 - Вероятностный метод Хафа с параметрами: distance=5.1, angle(rad.)=0.0890117918517108, threshold=9, minLineLength=4.9, maxLineGap=0.1
[DEBUG] 2019-10-07 14:23:06.587 [Thread-12] algorithms.HoughConversionAlgorithm:98 - Вероятностный метод Хафа с параметрами: distance=5.1, angle(rad.)=0.0890117918517108, threshold=9, minLineLength=4.0, maxLineGap=0.1
[DEBUG] 2019-10-07 14:23:11.947 [Thread-13] algorithms.HoughConversionAlgorithm:98 - Вероятностный метод Хафа с параметрами: distance=5.1, angle(rad.)=0.0890117918517108, threshold=9, minLineLength=1.0, maxLineGap=0.1
[DEBUG] 2019-10-07 14:23:19.362 [Thread-14] algorithms.HoughConversionAlgorithm:98 - Вероятностный метод Хафа с параметрами: distance=5.1, angle(rad.)=0.0017453292519943296, threshold=9, minLineLength=1.0, maxLineGap=0.1
[DEBUG] 2019-10-07 14:23:24.162 [Thread-15] algorithms.HoughConversionAlgorithm:98 - Вероятностный метод Хафа с параметрами: distance=10.1, angle(rad.)=0.0017453292519943296, threshold=9, minLineLength=1.0, maxLineGap=0.1
[DEBUG] 2019-10-07 14:23:30.027 [Thread-16] algorithms.HoughConversionAlgorithm:98 - Вероятностный метод Хафа с параметрами: distance=0.5, angle(rad.)=0.0017453292519943296, threshold=9, minLineLength=1.0, maxLineGap=0.1
[DEBUG] 2019-10-07 14:23:35.195 [Thread-17] algorithms.HoughConversionAlgorithm:98 - Вероятностный метод Хафа с параметрами: distance=1.0, angle(rad.)=0.0017453292519943296, threshold=9, minLineLength=1.0, maxLineGap=0.1
[DEBUG] 2019-10-07 14:23:40.644 [Thread-18] algorithms.HoughConversionAlgorithm:98 - Вероятностный метод Хафа с параметрами: distance=2.0, angle(rad.)=0.0017453292519943296, threshold=9, minLineLength=1.0, maxLineGap=0.1
[DEBUG] 2019-10-07 14:23:44.899 [Thread-19] algorithms.HoughConversionAlgorithm:98 - Вероятностный метод Хафа с параметрами: distance=1.5, angle(rad.)=0.0017453292519943296, threshold=9, minLineLength=1.0, maxLineGap=0.1
[DEBUG] 2019-10-07 14:23:51.139 [Thread-20] algorithms.HoughConversionAlgorithm:98 - Вероятностный метод Хафа с параметрами: distance=1.5, angle(rad.)=0.0017453292519943296, threshold=47, minLineLength=1.0, maxLineGap=0.1
[DEBUG] 2019-10-07 14:23:55.100 [Thread-21] algorithms.HoughConversionAlgorithm:98 - Вероятностный метод Хафа с параметрами: distance=1.5, angle(rad.)=0.0017453292519943296, threshold=100, minLineLength=1.0, maxLineGap=0.1
[DEBUG] 2019-10-07 14:25:54.689 [Thread-6] algorithms.HoughConversionAlgorithm:69 - Классический метод Хафа с параметрами: distance=3.1, angle(rad.)=0.019198621771937624, threshold=6, srn=0.0, stn=0.0, minTheta=0.0, maxTheta=3.141592653589793
[DEBUG] 2019-10-07 14:25:58.453 [Thread-7] algorithms.HoughConversionAlgorithm:99 - Вероятностный метод Хафа с параметрами: distance=3.1, angle(rad.)=0.019198621771937624, threshold=6, minLineLength=0.0, maxLineGap=0.0
[DEBUG] 2019-10-07 14:26:56.340 [Thread-6] algorithms.HoughConversionAlgorithm:69 - Классический метод Хафа с параметрами: distance=2.1, angle(rad.)=0.054105206811824215, threshold=3, srn=0.0, stn=0.0, minTheta=0.0, maxTheta=3.141592653589793
[DEBUG] 2019-10-07 14:27:00.158 [Thread-7] algorithms.HoughConversionAlgorithm:99 - Вероятностный метод Хафа с параметрами: distance=2.1, angle(rad.)=0.054105206811824215, threshold=3, minLineLength=0.0, maxLineGap=0.0
[DEBUG] 2019-10-07 14:27:07.302 [Thread-8] algorithms.HoughConversionAlgorithm:99 - Вероятностный метод Хафа с параметрами: distance=2.1, angle(rad.)=0.054105206811824215, threshold=15, minLineLength=0.0, maxLineGap=0.0
[DEBUG] 2019-10-07 14:27:16.655 [Thread-9] algorithms.HoughConversionAlgorithm:99 - Вероятностный метод Хафа с параметрами: distance=5.1, angle(rad.)=0.054105206811824215, threshold=15, minLineLength=0.0, maxLineGap=0.0
[DEBUG] 2019-10-07 14:27:23.678 [Thread-10] algorithms.HoughConversionAlgorithm:99 - Вероятностный метод Хафа с параметрами: distance=5.1, angle(rad.)=0.054105206811824215, threshold=15, minLineLength=3.9, maxLineGap=1.1
[DEBUG] 2019-10-08 09:56:44.701 [Thread-11] algorithms.HoughConversionAlgorithm:98 - Вероятностный метод Хафа с параметрами: distance=0.5, angle(rad.)=0.005235987755982988, threshold=12, minLineLength=0.0, maxLineGap=0.0
[DEBUG] 2019-10-08 09:56:50.721 [Thread-12] algorithms.HoughConversionAlgorithm:98 - Вероятностный метод Хафа с параметрами: distance=0.5, angle(rad.)=0.005235987755982988, threshold=41, minLineLength=0.0, maxLineGap=0.0
[DEBUG] 2019-10-08 09:56:54.963 [Thread-13] algorithms.HoughConversionAlgorithm:98 - Вероятностный метод Хафа с параметрами: distance=0.5, angle(rad.)=0.005235987755982988, threshold=2, minLineLength=0.0, maxLineGap=0.0
[DEBUG] 2019-10-08 09:57:00.171 [Thread-14] algorithms.HoughConversionAlgorithm:98 - Вероятностный метод Хафа с параметрами: distance=4.1, angle(rad.)=0.005235987755982988, threshold=2, minLineLength=0.0, maxLineGap=0.0
[DEBUG] 2019-10-08 09:57:05.298 [Thread-15] algorithms.HoughConversionAlgorithm:98 - Вероятностный метод Хафа с параметрами: distance=10.1, angle(rad.)=0.005235987755982988, threshold=2, minLineLength=0.0, maxLineGap=0.0
[DEBUG] 2019-10-08 11:54:22.556 [Thread-5] algorithms.WatershedSegmentation:18 - Started processing
[DEBUG] 2019-10-08 12:09:46.231 [Thread-5] algorithms.CannyEdgeDetectorAlgorithm:48 - Started processing
[DEBUG] 2019-10-08 12:09:46.243 [Thread-5] algorithms.GaussBlurAlgorithm:30 - Started processing
[DEBUG] 2019-10-08 13:44:39.847 [Thread-5] algorithms.CannyEdgeDetectorAlgorithm:48 - Started processing
[DEBUG] 2019-10-08 13:44:39.865 [Thread-5] algorithms.GaussBlurAlgorithm:30 - Started processing
[DEBUG] 2019-10-08 13:47:25.639 [Thread-5] algorithms.CannyEdgeDetectorAlgorithm:48 - Started processing
[DEBUG] 2019-10-08 13:47:25.660 [Thread-5] algorithms.GaussBlurAlgorithm:30 - Started processing
[DEBUG] 2019-10-08 14:51:11.162 [Thread-5] algorithms.CannyEdgeDetectorAlgorithm:48 - Started processing
[DEBUG] 2019-10-08 14:51:11.181 [Thread-5] algorithms.GaussBlurAlgorithm:30 - Started processing
[DEBUG] 2019-10-08 14:51:26.603 [Thread-6] algorithms.CannyEdgeDetectorAlgorithm:48 - Started processing
[DEBUG] 2019-10-08 14:51:26.605 [Thread-6] algorithms.GaussBlurAlgorithm:30 - Started processing
[DEBUG] 2019-10-08 15:46:13.789 [Thread-5] algorithms.CannyEdgeDetectorAlgorithm:48 - Started processing
[DEBUG] 2019-10-08 15:46:13.809 [Thread-5] algorithms.GaussBlurAlgorithm:30 - Started processing
[DEBUG] 2019-10-08 15:46:23.691 [Thread-6] algorithms.CannyEdgeDetectorAlgorithm:48 - Started processing
[DEBUG] 2019-10-08 15:46:23.694 [Thread-6] algorithms.GaussBlurAlgorithm:30 - Started processing
[DEBUG] 2019-10-08 15:48:25.345 [Thread-5] algorithms.BinaryImageAlgorithm:23 - Started processing
[DEBUG] 2019-10-08 15:48:33.881 [Thread-6] algorithms.CannyEdgeDetectorAlgorithm:48 - Started processing
[DEBUG] 2019-10-08 15:48:33.883 [Thread-6] algorithms.GaussBlurAlgorithm:30 - Started processing
[DEBUG] 2019-10-08 15:48:40.598 [Thread-7] algorithms.HoughConversionAlgorithm:58 - Started processing
[DEBUG] 2019-10-08 15:48:40.605 [Thread-7] algorithms.HoughConversionAlgorithm:69 - Классический метод Хафа с параметрами: distance=5.1, angle(rad.)=0.12391837689159739, threshold=60, srn=0.0, stn=0.0, minTheta=0.0, maxTheta=3.141592653589793
[DEBUG] 2019-10-08 15:48:46.182 [Thread-8] algorithms.HoughConversionAlgorithm:58 - Started processing
[DEBUG] 2019-10-08 15:48:46.191 [Thread-8] algorithms.HoughConversionAlgorithm:69 - Классический метод Хафа с параметрами: distance=5.1, angle(rad.)=0.12391837689159739, threshold=60, srn=0.0, stn=0.0, minTheta=0.0, maxTheta=3.141592653589793
[DEBUG] 2019-10-08 15:48:47.608 [Thread-9] algorithms.HoughConversionAlgorithm:58 - Started processing
[DEBUG] 2019-10-08 15:48:47.617 [Thread-9] algorithms.HoughConversionAlgorithm:69 - Классический метод Хафа с параметрами: distance=5.1, angle(rad.)=0.12391837689159739, threshold=60, srn=0.0, stn=0.0, minTheta=0.0, maxTheta=3.141592653589793
[DEBUG] 2019-10-08 15:48:48.752 [Thread-10] algorithms.HoughConversionAlgorithm:58 - Started processing
[DEBUG] 2019-10-08 15:48:48.758 [Thread-10] algorithms.HoughConversionAlgorithm:69 - Классический метод Хафа с параметрами: distance=5.1, angle(rad.)=0.12391837689159739, threshold=60, srn=0.0, stn=0.0, minTheta=0.0, maxTheta=3.141592653589793
[DEBUG] 2019-10-08 15:48:49.252 [Thread-11] algorithms.HoughConversionAlgorithm:58 - Started processing
[DEBUG] 2019-10-08 15:48:49.259 [Thread-11] algorithms.HoughConversionAlgorithm:69 - Классический метод Хафа с параметрами: distance=5.1, angle(rad.)=0.12391837689159739, threshold=60, srn=0.0, stn=0.0, minTheta=0.0, maxTheta=3.141592653589793
[DEBUG] 2019-10-08 15:48:49.430 [Thread-12] algorithms.HoughConversionAlgorithm:58 - Started processing
[DEBUG] 2019-10-08 15:48:49.438 [Thread-12] algorithms.HoughConversionAlgorithm:69 - Классический метод Хафа с параметрами: distance=5.1, angle(rad.)=0.12391837689159739, threshold=60, srn=0.0, stn=0.0, minTheta=0.0, maxTheta=3.141592653589793
[DEBUG] 2019-10-08 15:48:49.652 [Thread-13] algorithms.HoughConversionAlgorithm:58 - Started processing
[DEBUG] 2019-10-08 15:48:49.661 [Thread-13] algorithms.HoughConversionAlgorithm:69 - Классический метод Хафа с параметрами: distance=5.1, angle(rad.)=0.12391837689159739, threshold=60, srn=0.0, stn=0.0, minTheta=0.0, maxTheta=3.141592653589793
[DEBUG] 2019-10-08 15:48:49.818 [Thread-14] algorithms.HoughConversionAlgorithm:58 - Started processing
[DEBUG] 2019-10-08 15:48:49.825 [Thread-14] algorithms.HoughConversionAlgorithm:69 - Классический метод Хафа с параметрами: distance=5.1, angle(rad.)=0.12391837689159739, threshold=60, srn=0.0, stn=0.0, minTheta=0.0, maxTheta=3.141592653589793
[DEBUG] 2019-10-08 15:48:50.285 [Thread-15] algorithms.HoughConversionAlgorithm:58 - Started processing
[DEBUG] 2019-10-08 15:48:50.292 [Thread-15] algorithms.HoughConversionAlgorithm:69 - Классический метод Хафа с параметрами: distance=5.1, angle(rad.)=0.12391837689159739, threshold=60, srn=0.0, stn=0.0, minTheta=0.0, maxTheta=3.141592653589793
[DEBUG] 2019-10-08 15:48:50.867 [Thread-16] algorithms.HoughConversionAlgorithm:58 - Started processing
[DEBUG] 2019-10-08 15:48:50.873 [Thread-16] algorithms.HoughConversionAlgorithm:69 - Классический метод Хафа с параметрами: distance=5.1, angle(rad.)=0.12391837689159739, threshold=60, srn=0.0, stn=0.0, minTheta=0.0, maxTheta=3.141592653589793
[DEBUG] 2019-10-08 15:48:51.431 [Thread-17] algorithms.HoughConversionAlgorithm:58 - Started processing
[DEBUG] 2019-10-08 15:48:51.441 [Thread-17] algorithms.HoughConversionAlgorithm:69 - Классический метод Хафа с параметрами: distance=5.1, angle(rad.)=0.12391837689159739, threshold=60, srn=0.0, stn=0.0, minTheta=0.0, maxTheta=3.141592653589793
[DEBUG] 2019-10-08 15:48:52.215 [Thread-18] algorithms.HoughConversionAlgorithm:58 - Started processing
[DEBUG] 2019-10-08 15:48:52.223 [Thread-18] algorithms.HoughConversionAlgorithm:69 - Классический метод Хафа с параметрами: distance=5.1, angle(rad.)=0.12391837689159739, threshold=60, srn=0.0, stn=0.0, minTheta=0.0, maxTheta=3.141592653589793
[DEBUG] 2019-10-08 15:48:52.752 [Thread-19] algorithms.HoughConversionAlgorithm:58 - Started processing
[DEBUG] 2019-10-08 15:48:52.758 [Thread-19] algorithms.HoughConversionAlgorithm:69 - Классический метод Хафа с параметрами: distance=5.1, angle(rad.)=0.12391837689159739, threshold=60, srn=0.0, stn=0.0, minTheta=0.0, maxTheta=3.141592653589793
[DEBUG] 2019-10-08 15:48:52.921 [Thread-20] algorithms.HoughConversionAlgorithm:58 - Started processing
[DEBUG] 2019-10-08 15:48:52.927 [Thread-20] algorithms.HoughConversionAlgorithm:69 - Классический метод Хафа с параметрами: distance=5.1, angle(rad.)=0.12391837689159739, threshold=60, srn=0.0, stn=0.0, minTheta=0.0, maxTheta=3.141592653589793
[DEBUG] 2019-10-08 15:48:53.100 [Thread-21] algorithms.HoughConversionAlgorithm:58 - Started processing
[DEBUG] 2019-10-08 15:48:53.107 [Thread-21] algorithms.HoughConversionAlgorithm:69 - Классический метод Хафа с параметрами: distance=5.1, angle(rad.)=0.12391837689159739, threshold=60, srn=0.0, stn=0.0, minTheta=0.0, maxTheta=3.141592653589793
[DEBUG] 2019-10-08 15:48:53.255 [Thread-22] algorithms.HoughConversionAlgorithm:58 - Started processing
[DEBUG] 2019-10-08 15:48:53.263 [Thread-22] algorithms.HoughConversionAlgorithm:69 - Классический метод Хафа с параметрами: distance=5.1, angle(rad.)=0.12391837689159739, threshold=60, srn=0.0, stn=0.0, minTheta=0.0, maxTheta=3.141592653589793
[DEBUG] 2019-10-08 15:48:53.432 [Thread-23] algorithms.HoughConversionAlgorithm:58 - Started processing
[DEBUG] 2019-10-08 15:48:53.440 [Thread-23] algorithms.HoughConversionAlgorithm:69 - Классический метод Хафа с параметрами: distance=5.1, angle(rad.)=0.12391837689159739, threshold=60, srn=0.0, stn=0.0, minTheta=0.0, maxTheta=3.141592653589793
[DEBUG] 2019-10-08 15:48:53.617 [Thread-24] algorithms.HoughConversionAlgorithm:58 - Started processing
[DEBUG] 2019-10-08 15:48:53.622 [Thread-24] algorithms.HoughConversionAlgorithm:69 - Классический метод Хафа с параметрами: distance=5.1, angle(rad.)=0.12391837689159739, threshold=60, srn=0.0, stn=0.0, minTheta=0.0, maxTheta=3.141592653589793
[DEBUG] 2019-10-08 15:48:53.797 [Thread-25] algorithms.HoughConversionAlgorithm:58 - Started processing
[DEBUG] 2019-10-08 15:48:53.804 [Thread-25] algorithms.HoughConversionAlgorithm:69 - Классический метод Хафа с параметрами: distance=5.1, angle(rad.)=0.12391837689159739, threshold=60, srn=0.0, stn=0.0, minTheta=0.0, maxTheta=3.141592653589793
[DEBUG] 2019-10-08 15:48:53.967 [Thread-26] algorithms.HoughConversionAlgorithm:58 - Started processing
[DEBUG] 2019-10-08 15:48:53.973 [Thread-26] algorithms.HoughConversionAlgorithm:69 - Классический метод Хафа с параметрами: distance=5.1, angle(rad.)=0.12391837689159739, threshold=60, srn=0.0, stn=0.0, minTheta=0.0, maxTheta=3.141592653589793
[DEBUG] 2019-10-08 15:48:54.141 [Thread-27] algorithms.HoughConversionAlgorithm:58 - Started processing
[DEBUG] 2019-10-08 15:48:54.147 [Thread-27] algorithms.HoughConversionAlgorithm:69 - Классический метод Хафа с параметрами: distance=5.1, angle(rad.)=0.12391837689159739, threshold=60, srn=0.0, stn=0.0, minTheta=0.0, maxTheta=3.141592653589793
[DEBUG] 2019-10-08 15:48:54.280 [Thread-28] algorithms.HoughConversionAlgorithm:58 - Started processing
[DEBUG] 2019-10-08 15:48:54.289 [Thread-28] algorithms.HoughConversionAlgorithm:69 - Классический метод Хафа с параметрами: distance=5.1, angle(rad.)=0.12391837689159739, threshold=60, srn=0.0, stn=0.0, minTheta=0.0, maxTheta=3.141592653589793
[DEBUG] 2019-10-08 15:48:54.439 [Thread-29] algorithms.HoughConversionAlgorithm:58 - Started processing
[DEBUG] 2019-10-08 15:48:54.447 [Thread-29] algorithms.HoughConversionAlgorithm:69 - Классический метод Хафа с параметрами: distance=5.1, angle(rad.)=0.12391837689159739, threshold=60, srn=0.0, stn=0.0, minTheta=0.0, maxTheta=3.141592653589793
[DEBUG] 2019-10-08 15:48:54.680 [Thread-30] algorithms.HoughConversionAlgorithm:58 - Started processing
[DEBUG] 2019-10-08 15:48:54.691 [Thread-30] algorithms.HoughConversionAlgorithm:69 - Классический метод Хафа с параметрами: distance=5.1, angle(rad.)=0.12391837689159739, threshold=60, srn=0.0, stn=0.0, minTheta=0.0, maxTheta=3.141592653589793
[DEBUG] 2019-10-08 15:48:54.822 [Thread-31] algorithms.HoughConversionAlgorithm:58 - Started processing
[DEBUG] 2019-10-08 15:48:54.830 [Thread-31] algorithms.HoughConversionAlgorithm:69 - Классический метод Хафа с параметрами: distance=5.1, angle(rad.)=0.12391837689159739, threshold=60, srn=0.0, stn=0.0, minTheta=0.0, maxTheta=3.141592653589793
[DEBUG] 2019-10-08 15:48:55.062 [Thread-32] algorithms.HoughConversionAlgorithm:58 - Started processing
[DEBUG] 2019-10-08 15:48:55.072 [Thread-32] algorithms.HoughConversionAlgorithm:69 - Классический метод Хафа с параметрами: distance=5.1, angle(rad.)=0.12391837689159739, threshold=60, srn=0.0, stn=0.0, minTheta=0.0, maxTheta=3.141592653589793
[DEBUG] 2019-10-08 15:48:55.191 [Thread-33] algorithms.HoughConversionAlgorithm:58 - Started processing
[DEBUG] 2019-10-08 15:48:55.200 [Thread-33] algorithms.HoughConversionAlgorithm:69 - Классический метод Хафа с параметрами: distance=5.1, angle(rad.)=0.12391837689159739, threshold=60, srn=0.0, stn=0.0, minTheta=0.0, maxTheta=3.141592653589793
[DEBUG] 2019-10-08 15:49:01.818 [Thread-34] algorithms.HoughConversionAlgorithm:58 - Started processing
[DEBUG] 2019-10-08 15:49:01.824 [Thread-34] algorithms.HoughConversionAlgorithm:69 - Классический метод Хафа с параметрами: distance=5.1, angle(rad.)=1.7470745812463238, threshold=100, srn=0.0, stn=0.0, minTheta=0.0, maxTheta=3.141592653589793
[DEBUG] 2019-10-08 15:49:09.247 [Thread-35] algorithms.HoughConversionAlgorithm:58 - Started processing
[DEBUG] 2019-10-08 15:49:09.255 [Thread-35] algorithms.HoughConversionAlgorithm:69 - Классический метод Хафа с параметрами: distance=5.1, angle(rad.)=1.7470745812463238, threshold=100, srn=0.0, stn=0.0, minTheta=0.0, maxTheta=3.141592653589793
[DEBUG] 2019-10-08 15:49:09.778 [Thread-36] algorithms.HoughConversionAlgorithm:58 - Started processing
[DEBUG] 2019-10-08 15:49:09.788 [Thread-36] algorithms.HoughConversionAlgorithm:69 - Классический метод Хафа с параметрами: distance=5.1, angle(rad.)=1.7470745812463238, threshold=100, srn=0.0, stn=0.0, minTheta=0.0, maxTheta=3.141592653589793
[DEBUG] 2019-10-08 15:49:10.202 [Thread-37] algorithms.HoughConversionAlgorithm:58 - Started processing
[DEBUG] 2019-10-08 15:49:10.211 [Thread-37] algorithms.HoughConversionAlgorithm:69 - Классический метод Хафа с параметрами: distance=5.1, angle(rad.)=1.7470745812463238, threshold=100, srn=0.0, stn=0.0, minTheta=0.0, maxTheta=3.141592653589793
[DEBUG] 2019-10-08 15:49:10.551 [Thread-38] algorithms.HoughConversionAlgorithm:58 - Started processing
[DEBUG] 2019-10-08 15:49:10.558 [Thread-38] algorithms.HoughConversionAlgorithm:69 - Классический метод Хафа с параметрами: distance=5.1, angle(rad.)=1.7470745812463238, threshold=100, srn=0.0, stn=0.0, minTheta=0.0, maxTheta=3.141592653589793
[DEBUG] 2019-10-08 15:55:40.662 [Thread-5] algorithms.GaussBlurAlgorithm:30 - Started processing
[DEBUG] 2019-10-08 15:55:41.142 [Thread-6] algorithms.GaussBlurAlgorithm:30 - Started processing
[DEBUG] 2019-10-08 15:55:41.302 [Thread-7] algorithms.GaussBlurAlgorithm:30 - Started processing
[DEBUG] 2019-10-08 15:55:41.453 [Thread-8] algorithms.GaussBlurAlgorithm:30 - Started processing
[DEBUG] 2019-10-08 15:55:41.574 [Thread-9] algorithms.GaussBlurAlgorithm:30 - Started processing
[DEBUG] 2019-10-08 15:55:42.055 [Thread-10] algorithms.GaussBlurAlgorithm:30 - Started processing
[DEBUG] 2019-10-08 15:55:42.329 [Thread-11] algorithms.GaussBlurAlgorithm:30 - Started processing
[DEBUG] 2019-10-08 15:55:42.496 [Thread-12] algorithms.GaussBlurAlgorithm:30 - Started processing
[DEBUG] 2019-10-08 15:55:42.644 [Thread-13] algorithms.GaussBlurAlgorithm:30 - Started processing
[DEBUG] 2019-10-08 15:55:42.775 [Thread-14] algorithms.GaussBlurAlgorithm:30 - Started processing
[DEBUG] 2019-10-08 15:55:42.897 [Thread-15] algorithms.GaussBlurAlgorithm:30 - Started processing
[DEBUG] 2019-10-08 15:55:43.035 [Thread-16] algorithms.GaussBlurAlgorithm:30 - Started processing
[DEBUG] 2019-10-08 15:55:44.246 [Thread-17] algorithms.GaussBlurAlgorithm:30 - Started processing
[DEBUG] 2019-10-08 15:55:44.399 [Thread-18] algorithms.GaussBlurAlgorithm:30 - Started processing
[DEBUG] 2019-10-08 15:55:44.528 [Thread-19] algorithms.GaussBlurAlgorithm:30 - Started processing
[DEBUG] 2019-10-08 15:55:44.673 [Thread-20] algorithms.GaussBlurAlgorithm:30 - Started processing
[DEBUG] 2019-10-08 15:55:44.793 [Thread-21] algorithms.GaussBlurAlgorithm:30 - Started processing
[DEBUG] 2019-10-08 15:55:44.922 [Thread-22] algorithms.GaussBlurAlgorithm:30 - Started processing
[DEBUG] 2019-10-08 15:55:45.040 [Thread-23] algorithms.GaussBlurAlgorithm:30 - Started processing
[DEBUG] 2019-10-08 15:55:45.169 [Thread-24] algorithms.GaussBlurAlgorithm:30 - Started processing
[DEBUG] 2019-10-08 15:55:45.309 [Thread-25] algorithms.GaussBlurAlgorithm:30 - Started processing
[DEBUG] 2019-10-08 15:55:45.648 [Thread-26] algorithms.GaussBlurAlgorithm:30 - Started processing
[DEBUG] 2019-10-08 15:55:45.790 [Thread-27] algorithms.GaussBlurAlgorithm:30 - Started processing
[DEBUG] 2019-10-08 15:55:45.937 [Thread-28] algorithms.GaussBlurAlgorithm:30 - Started processing
[DEBUG] 2019-10-08 15:55:46.055 [Thread-29] algorithms.GaussBlurAlgorithm:30 - Started processing
[DEBUG] 2019-10-08 15:55:46.194 [Thread-30] algorithms.GaussBlurAlgorithm:30 - Started processing
[DEBUG] 2019-10-08 15:55:47.622 [Thread-31] algorithms.BinaryImageAlgorithm:23 - Started processing
[DEBUG] 2019-10-08 15:55:54.407 [Thread-32] algorithms.CannyEdgeDetectorAlgorithm:48 - Started processing
[DEBUG] 2019-10-08 15:55:54.410 [Thread-32] algorithms.GaussBlurAlgorithm:30 - Started processing
[DEBUG] 2019-10-08 15:55:59.600 [Thread-33] algorithms.CannyEdgeDetectorAlgorithm:48 - Started processing
[DEBUG] 2019-10-08 15:55:59.603 [Thread-33] algorithms.GaussBlurAlgorithm:30 - Started processing
[DEBUG] 2019-10-08 15:58:04.884 [Thread-34] algorithms.HoughConversionAlgorithm:58 - Started processing
[DEBUG] 2019-10-08 15:58:04.897 [Thread-34] algorithms.HoughConversionAlgorithm:99 - Вероятностный метод Хафа с параметрами: distance=0.1, angle(rad.)=0.0017453292519943296, threshold=5, minLineLength=0.0, maxLineGap=0.0
[DEBUG] 2019-10-08 15:58:19.020 [Thread-35] algorithms.HoughConversionAlgorithm:58 - Started processing
[DEBUG] 2019-10-08 15:58:19.028 [Thread-35] algorithms.HoughConversionAlgorithm:99 - Вероятностный метод Хафа с параметрами: distance=0.1, angle(rad.)=0.0017453292519943296, threshold=39, minLineLength=0.0, maxLineGap=0.0
[DEBUG] 2019-10-08 15:58:27.257 [Thread-36] algorithms.HoughConversionAlgorithm:58 - Started processing
[DEBUG] 2019-10-08 15:58:27.267 [Thread-36] algorithms.HoughConversionAlgorithm:99 - Вероятностный метод Хафа с параметрами: distance=0.2, angle(rad.)=0.0017453292519943296, threshold=77, minLineLength=0.0, maxLineGap=0.0
[DEBUG] 2019-10-08 15:58:31.774 [Thread-37] algorithms.HoughConversionAlgorithm:58 - Started processing
[DEBUG] 2019-10-08 15:58:31.784 [Thread-37] algorithms.HoughConversionAlgorithm:99 - Вероятностный метод Хафа с параметрами: distance=0.2, angle(rad.)=0.0017453292519943296, threshold=77, minLineLength=0.0, maxLineGap=0.0
[DEBUG] 2019-10-09 14:21:08.593 [Thread-5] algorithms.WatershedSegmentation:19 - Started processing
[DEBUG] 2019-10-09 14:24:49.853 [Thread-5] algorithms.WatershedSegmentation:19 - Started processing
[DEBUG] 2019-10-09 14:36:31.795 [Thread-5] algorithms.WatershedSegmentation:19 - Started processing
[DEBUG] 2019-10-09 14:37:36.298 [Thread-5] algorithms.WatershedSegmentation:19 - Started processing
[DEBUG] 2019-10-09 14:38:14.193 [Thread-6] algorithms.WatershedSegmentation:19 - Started processing
[DEBUG] 2019-10-09 14:45:37.651 [Thread-5] algorithms.WatershedSegmentation:19 - Started processing
[DEBUG] 2019-10-09 14:46:58.328 [Thread-5] algorithms.WatershedSegmentation:19 - Started processing
[DEBUG] 2019-10-09 15:12:35.556 [Thread-5] algorithms.WatershedSegmentation:19 - Started processing
[DEBUG] 2019-10-09 15:46:35.376 [Thread-5] algorithms.WatershedSegmentation:22 - Started processing
[DEBUG] 2019-10-09 15:48:18.724 [Thread-5] algorithms.WatershedSegmentation:22 - Started processing
[DEBUG] 2019-10-10 10:25:52.946 [Thread-5] algorithms.CannyEdgeDetectorAlgorithm:49 - Started processing
[DEBUG] 2019-10-10 10:25:53.078 [Thread-5] algorithms.GaussBlurAlgorithm:31 - Started processing
[DEBUG] 2019-10-10 10:50:19.496 [Thread-5] algorithms.HoughConversionAlgorithm:59 - Started processing
[DEBUG] 2019-10-10 10:50:19.536 [Thread-5] algorithms.HoughConversionAlgorithm:71 - Классический метод Хафа с параметрами: distance=0.1, angle(rad.)=0.0017453292519943296, threshold=0, srn=0.0, stn=0.0, minTheta=0.0, maxTheta=3.141592653589793
[DEBUG] 2019-10-10 10:55:11.327 [Thread-5] algorithms.BinaryImageAlgorithm:24 - Started processing
[DEBUG] 2019-10-10 14:14:37.389 [Thread-5] algorithms.WatershedSegmentation:22 - Started processing
[DEBUG] 2019-10-10 14:19:57.149 [Thread-5] algorithms.BinaryImageAlgorithm:24 - Started processing
[DEBUG] 2019-10-10 14:21:04.746 [Thread-5] algorithms.CannyEdgeDetectorAlgorithm:49 - Started processing
[DEBUG] 2019-10-10 14:21:04.766 [Thread-5] algorithms.GaussBlurAlgorithm:31 - Started processing
[DEBUG] 2019-10-10 14:24:33.782 [Thread-6] algorithms.WatershedSegmentation:22 - Started processing
[DEBUG] 2019-10-10 14:24:40.425 [Thread-7] algorithms.WatershedSegmentation:22 - Started processing
[DEBUG] 2019-10-10 14:28:49.791 [Thread-5] algorithms.WatershedSegmentation:22 - Started processing
[DEBUG] 2019-10-10 14:29:22.665 [Thread-6] algorithms.WatershedSegmentation:22 - Started processing
[DEBUG] 2019-10-10 14:29:34.469 [Thread-7] algorithms.WatershedSegmentation:22 - Started processing
[DEBUG] 2019-10-10 14:57:47.762 [Thread-5] algorithms.WatershedSegmentation:29 - Started processing
[DEBUG] 2019-10-10 15:03:21.258 [Thread-5] algorithms.WatershedSegmentation:29 - Started processing
[DEBUG] 2019-10-10 15:09:29.090 [Thread-5] algorithms.WatershedSegmentation:29 - Started processing
[DEBUG] 2019-10-10 15:14:56.251 [Thread-5] algorithms.WatershedSegmentation:29 - Started processing
[DEBUG] 2019-10-10 15:23:45.724 [Thread-5] algorithms.WatershedSegmentation:29 - Started processing
[DEBUG] 2019-10-10 15:24:38.658 [Thread-5] algorithms.WatershedSegmentation:29 - Started processing
[DEBUG] 2019-10-10 15:24:38.667 [Thread-5] algorithms.WatershedSegmentation:36 - 1
[DEBUG] 2019-10-10 15:24:38.668 [Thread-5] algorithms.WatershedSegmentation:44 - 2
[DEBUG] 2019-10-10 15:26:45.419 [Thread-5] algorithms.CannyEdgeDetectorAlgorithm:49 - Started processing
[DEBUG] 2019-10-10 15:26:45.440 [Thread-5] algorithms.GaussBlurAlgorithm:31 - Started processing
[DEBUG] 2019-10-10 15:35:44.832 [Thread-5] algorithms.WatershedSegmentation:29 - Started processing
[DEBUG] 2019-10-10 15:37:34.238 [Thread-5] algorithms.WatershedSegmentation:29 - Started processing
[DEBUG] 2019-10-10 15:38:45.395 [Thread-5] algorithms.WatershedSegmentation:29 - Started processing
[DEBUG] 2019-10-10 15:42:56.774 [Thread-5] algorithms.WatershedSegmentation:29 - Started processing
[DEBUG] 2019-10-10 15:42:56.791 [Thread-5] algorithms.WatershedSegmentation:37 - contours.size() = 
[DEBUG] 2019-10-10 15:42:56.791 [Thread-5] algorithms.WatershedSegmentation:47 - markers = 225x151
[DEBUG] 2019-10-10 15:48:22.732 [Thread-5] algorithms.WatershedSegmentation:31 - Started processing
[DEBUG] 2019-10-10 15:48:22.741 [Thread-5] algorithms.WatershedSegmentation:39 - contours.size() = 
[DEBUG] 2019-10-10 15:48:22.742 [Thread-5] algorithms.WatershedSegmentation:49 - markers = 225x151
[DEBUG] 2019-10-10 15:51:33.155 [Thread-5] algorithms.WatershedSegmentation:31 - Started processing
[DEBUG] 2019-10-10 15:51:33.167 [Thread-5] algorithms.WatershedSegmentation:39 - contours.size() = 
[DEBUG] 2019-10-10 15:51:33.168 [Thread-5] algorithms.WatershedSegmentation:49 - markers = 225x151
[DEBUG] 2019-10-10 16:07:58.918 [Thread-5] algorithms.WatershedSegmentation:31 - Started processing
[DEBUG] 2019-10-10 16:07:58.927 [Thread-5] algorithms.WatershedSegmentation:32 - frame.type() = 24
[DEBUG] 2019-10-10 16:07:58.930 [Thread-5] algorithms.WatershedSegmentation:48 - markers.size() = 225x151
[DEBUG] 2019-10-10 16:10:25.061 [Thread-5] algorithms.WatershedSegmentation:31 - Started processing
[DEBUG] 2019-10-10 16:13:56.289 [Thread-5] algorithms.WatershedSegmentation:31 - Started processing
[DEBUG] 2019-10-10 16:13:56.296 [Thread-5] algorithms.WatershedSegmentation:33 - frame = 225x151, 0, 4
[DEBUG] 2019-10-10 16:15:56.436 [Thread-5] algorithms.WatershedSegmentation:31 - Started processing
[DEBUG] 2019-10-10 16:15:56.449 [Thread-5] algorithms.WatershedSegmentation:35 - frame = 225x151, 0, 4
[DEBUG] 2019-10-10 16:22:04.368 [Thread-5] algorithms.WatershedSegmentation:31 - Started processing
[DEBUG] 2019-10-10 16:22:04.376 [Thread-5] algorithms.WatershedSegmentation:35 - frame = 25, 1, 4
[DEBUG] 2019-10-10 16:25:09.546 [Thread-5] algorithms.WatershedSegmentation:31 - Started processing
[DEBUG] 2019-10-10 16:25:09.553 [Thread-5] algorithms.WatershedSegmentation:37 - frame = 25, 1, 4
[DEBUG] 2019-10-10 16:36:45.593 [Thread-5] algorithms.WatershedSegmentation:31 - Started processing
[DEBUG] 2019-10-10 16:36:45.668 [Thread-5] algorithms.WatershedSegmentation:37 - frame = 16, 0, 3
[DEBUG] 2019-10-10 16:46:18.615 [Thread-6] algorithms.WatershedSegmentation:31 - Started processing
[DEBUG] 2019-10-10 16:46:18.617 [Thread-6] algorithms.WatershedSegmentation:37 - frame = 16, 0, 3
[DEBUG] 2019-10-10 16:46:23.078 [Thread-7] algorithms.WatershedSegmentation:31 - Started processing
[DEBUG] 2019-10-10 16:46:23.082 [Thread-7] algorithms.WatershedSegmentation:37 - frame = 16, 0, 3
[DEBUG] 2019-10-10 16:46:28.302 [Thread-8] algorithms.WatershedSegmentation:31 - Started processing
[DEBUG] 2019-10-10 16:46:28.303 [Thread-8] algorithms.WatershedSegmentation:37 - frame = 16, 0, 3
[DEBUG] 2019-10-10 16:46:34.798 [Thread-9] algorithms.WatershedSegmentation:31 - Started processing
[DEBUG] 2019-10-10 16:46:34.800 [Thread-9] algorithms.WatershedSegmentation:37 - frame = 16, 0, 3
[DEBUG] 2019-10-10 16:46:41.629 [Thread-10] algorithms.WatershedSegmentation:31 - Started processing
[DEBUG] 2019-10-10 16:46:41.631 [Thread-10] algorithms.WatershedSegmentation:37 - frame = 16, 0, 3
[DEBUG] 2019-10-10 16:46:45.981 [Thread-11] algorithms.WatershedSegmentation:31 - Started processing
[DEBUG] 2019-10-10 16:46:45.982 [Thread-11] algorithms.WatershedSegmentation:37 - frame = 16, 0, 3
[DEBUG] 2019-10-10 16:46:59.766 [Thread-12] algorithms.WatershedSegmentation:31 - Started processing
[DEBUG] 2019-10-10 16:46:59.767 [Thread-12] algorithms.WatershedSegmentation:37 - frame = 16, 0, 3
[DEBUG] 2019-10-10 16:47:14.445 [Thread-13] algorithms.WatershedSegmentation:31 - Started processing
[DEBUG] 2019-10-10 16:47:14.446 [Thread-13] algorithms.WatershedSegmentation:37 - frame = 16, 0, 3
[DEBUG] 2019-10-10 16:47:27.383 [Thread-14] algorithms.WatershedSegmentation:31 - Started processing
[DEBUG] 2019-10-10 16:47:27.385 [Thread-14] algorithms.WatershedSegmentation:37 - frame = 16, 0, 3
[DEBUG] 2019-10-10 17:21:33.733 [Thread-5] algorithms.WatershedSegmentation:31 - Started processing
[DEBUG] 2019-10-10 17:21:33.750 [Thread-5] algorithms.WatershedSegmentation:37 - frame = 16, 0, 3
[DEBUG] 2019-10-10 17:21:59.256 [Thread-6] algorithms.WatershedSegmentation:31 - Started processing
[DEBUG] 2019-10-10 17:21:59.265 [Thread-6] algorithms.WatershedSegmentation:37 - frame = 16, 0, 3
[DEBUG] 2019-10-10 17:22:20.663 [Thread-7] algorithms.CannyEdgeDetectorAlgorithm:49 - Started processing
[DEBUG] 2019-10-10 17:22:20.668 [Thread-7] algorithms.GaussBlurAlgorithm:31 - Started processing
[DEBUG] 2019-10-10 17:22:25.372 [Thread-8] algorithms.CannyEdgeDetectorAlgorithm:49 - Started processing
[DEBUG] 2019-10-10 17:22:25.374 [Thread-8] algorithms.GaussBlurAlgorithm:31 - Started processing
[DEBUG] 2019-10-10 17:22:29.270 [Thread-9] algorithms.CannyEdgeDetectorAlgorithm:49 - Started processing
[DEBUG] 2019-10-10 17:22:29.284 [Thread-9] algorithms.GaussBlurAlgorithm:31 - Started processing
[DEBUG] 2019-10-10 17:22:35.796 [Thread-10] algorithms.CannyEdgeDetectorAlgorithm:49 - Started processing
[DEBUG] 2019-10-10 17:22:35.800 [Thread-10] algorithms.GaussBlurAlgorithm:31 - Started processing
[DEBUG] 2019-10-10 17:22:45.034 [Thread-11] algorithms.HoughConversionAlgorithm:59 - Started processing
[DEBUG] 2019-10-10 17:22:45.040 [Thread-11] algorithms.HoughConversionAlgorithm:101 - Вероятностный метод Хафа с параметрами: distance=0.4, angle(rad.)=0.003490658503988659, threshold=3, minLineLength=0.0, maxLineGap=0.0
[DEBUG] 2019-10-10 17:23:00.500 [Thread-12] algorithms.WatershedSegmentation:31 - Started processing
[DEBUG] 2019-10-10 17:23:00.507 [Thread-12] algorithms.WatershedSegmentation:37 - frame = 16, 0, 3
[DEBUG] 2019-10-10 17:25:48.879 [Thread-5] algorithms.WatershedSegmentation:31 - Started processing
[DEBUG] 2019-10-10 17:25:48.891 [Thread-5] algorithms.WatershedSegmentation:37 - frame = 16, 0, 3
[DEBUG] 2019-10-10 17:44:45.191 [Thread-5] algorithms.WatershedSegmentation:31 - Started processing
[DEBUG] 2019-10-10 17:45:26.391 [Thread-6] algorithms.WatershedSegmentation:31 - Started processing
[DEBUG] 2019-10-11 16:19:05.866 [Thread-5] algorithms.WatershedSegmentation:31 - Started processing
[DEBUG] 2019-10-14 13:01:54.604 [Thread-5] algorithms.CannyEdgeDetectorAlgorithm:49 - Started processing
[DEBUG] 2019-10-14 13:01:54.676 [Thread-5] algorithms.GaussBlurAlgorithm:31 - Started processing
[DEBUG] 2019-10-14 13:02:01.787 [Thread-6] algorithms.HoughConversionAlgorithm:60 - Started processing
[DEBUG] 2019-10-14 13:02:01.789 [Thread-6] algorithms.HoughConversionAlgorithm:102 - Вероятностный метод Хафа с параметрами: distance=0.4, angle(rad.)=0.003490658503988659, threshold=2, minLineLength=0.0, maxLineGap=0.0
[DEBUG] 2019-10-14 13:08:13.442 [Thread-5] algorithms.CannyEdgeDetectorAlgorithm:49 - Started processing
[DEBUG] 2019-10-14 13:08:13.454 [Thread-5] algorithms.GaussBlurAlgorithm:31 - Started processing
[DEBUG] 2019-10-14 13:08:22.271 [Thread-6] algorithms.HoughConversionAlgorithm:60 - Started processing
[DEBUG] 2019-10-14 13:08:22.274 [Thread-6] algorithms.HoughConversionAlgorithm:102 - Вероятностный метод Хафа с параметрами: distance=0.5, angle(rad.)=0.005235987755982988, threshold=2, minLineLength=0.0, maxLineGap=0.0
[DEBUG] 2019-10-14 13:12:35.352 [Thread-5] algorithms.CannyEdgeDetectorAlgorithm:49 - Started processing
[DEBUG] 2019-10-14 13:12:35.372 [Thread-5] algorithms.GaussBlurAlgorithm:31 - Started processing
[DEBUG] 2019-10-14 13:12:42.415 [Thread-6] algorithms.HoughConversionAlgorithm:60 - Started processing
[DEBUG] 2019-10-14 13:12:42.424 [Thread-6] algorithms.HoughConversionAlgorithm:102 - Вероятностный метод Хафа с параметрами: distance=0.5, angle(rad.)=0.005235987755982988, threshold=2, minLineLength=0.0, maxLineGap=0.0
[DEBUG] 2019-10-14 13:30:57.526 [Thread-5] algorithms.CannyEdgeDetectorAlgorithm:49 - Started processing
[DEBUG] 2019-10-14 13:30:57.547 [Thread-5] algorithms.GaussBlurAlgorithm:31 - Started processing
[DEBUG] 2019-10-14 13:31:04.020 [Thread-6] algorithms.HoughConversionAlgorithm:60 - Started processing
[DEBUG] 2019-10-14 13:31:04.023 [Thread-6] algorithms.HoughConversionAlgorithm:102 - Вероятностный метод Хафа с параметрами: distance=0.5, angle(rad.)=0.003490658503988659, threshold=2, minLineLength=0.0, maxLineGap=0.0
[DEBUG] 2019-10-14 17:21:09.330 [Thread-5] algorithms.CannyEdgeDetectorAlgorithm:49 - Started processing
[DEBUG] 2019-10-14 17:21:09.345 [Thread-5] algorithms.GaussBlurAlgorithm:31 - Started processing
[DEBUG] 2019-10-14 17:21:21.845 [Thread-6] algorithms.HoughConversionAlgorithm:60 - Started processing
[DEBUG] 2019-10-14 17:21:21.847 [Thread-6] algorithms.HoughConversionAlgorithm:102 - Вероятностный метод Хафа с параметрами: distance=0.5, angle(rad.)=0.005235987755982988, threshold=2, minLineLength=0.0, maxLineGap=0.0
[DEBUG] 2019-10-14 17:23:00.140 [Thread-5] algorithms.WatershedSegmentation:31 - Started processing
[DEBUG] 2019-10-14 17:23:27.801 [Thread-5] algorithms.WatershedSegmentation:31 - Started processing
[DEBUG] 2019-10-14 17:24:19.624 [Thread-5] algorithms.WatershedSegmentation:31 - Started processing
[DEBUG] 2019-10-14 17:25:28.826 [Thread-5] algorithms.WatershedSegmentation:31 - Started processing
[DEBUG] 2019-10-14 17:26:54.217 [Thread-5] algorithms.CannyEdgeDetectorAlgorithm:49 - Started processing
[DEBUG] 2019-10-14 17:26:54.232 [Thread-5] algorithms.GaussBlurAlgorithm:31 - Started processing
[DEBUG] 2019-10-14 17:27:03.598 [Thread-6] algorithms.HoughConversionAlgorithm:60 - Started processing
[DEBUG] 2019-10-14 17:27:03.601 [Thread-6] algorithms.HoughConversionAlgorithm:102 - Вероятностный метод Хафа с параметрами: distance=0.5, angle(rad.)=0.003490658503988659, threshold=3, minLineLength=0.0, maxLineGap=0.0
